<testsuite tests="1"><testcase classname=" python Homeautomation_AWS_API.py " name="python Homeautomation_AWS_API.py"><failure type="NA">'C:\AmitScriptsGitRepo\HomeAutomation_Scripts\UpdatedLibrary&gt;python Homeautomation_AWS_API.py
', '27 Degree Celsius 61% HVAC Status ON
', '
', '{state:{desired:{Temperature:25,Humidity:59,Switch:1},delta:{Temperature:25,Humidity:59,Switch:1}},metadata:{desired:{Temperature:{timestamp:1507802029},Humidity:{timestamp:1507802029},Switch:{timestamp:1507811970}}},version:314,timestamp:1507812318}
', '
', 'Temperature = 25
', '
', 'Humidity= 59
', '
', 'Switch= 1
', '
', ' error: Temperature value displayed is not same on mobile app &amp; AWS cloud
', '
', 'Error : Humidity value displayed is not same on mobile app &amp; AWS cloud
', '
', 'HVAC status value displayed is same on mobile app &amp; AWS cloud
', '
', '
', '
'</failure></testcase></testsuite>